1631133955085	geckodriver	INFO	Listening on 127.0.0.1:61654
1631133958146	mozrunner::runner	INFO	Running command: "C:\\Program Files\\Mozilla Firefox\\firefox.exe" "--marionette" "-foreground" "-no-remote" "-profile" "C:\\Users\\benan\\AppData\\Local\\Temp\\rust_mozprofile6uCJJK"
1631133959007	Marionette	INFO	Marionette enabled
console.warn: SearchSettings: "get: No settings file exists, new profile?" (new NotFoundError("Could not open the file at C:\\Users\\benan\\AppData\\Local\\Temp\\rust_mozprofile6uCJJK\\search.json.mozlz4", (void 0)))
1631133962372	Marionette	INFO	Listening on port 61662
1631133962491	RemoteAgent	WARN	TLS certificate errors will be ignored for this session
JavaScript error: https://apis.google.com/_/scs/apps-static/_/js/k=oz.gapi.en_US.UYHeVG_mX5s.O/m=signin2/rt=j/sv=1/d=1/ed=1/am=AQ/rs=AGLTcCPDcESMLF74mIvk5CKxuCjzYIf5XA/cb=gapi.loaded_0, line 219: uncaught exception: [object Object]
JavaScript error: https://apis.google.com/_/scs/apps-static/_/js/k=oz.gapi.en_US.UYHeVG_mX5s.O/m=auth2/rt=j/sv=1/d=1/ed=1/am=AQ/rs=AGLTcCPDcESMLF74mIvk5CKxuCjzYIf5XA/cb=gapi.loaded_0, line 219: uncaught exception: [object Object]
1631134007511	Marionette	INFO	Stopped listening on port 61662
JavaScript error: resource:///modules/Interactions.jsm, line 209: NS_ERROR_FAILURE: Component returned failure code: 0x80004005 (NS_ERROR_FAILURE) [nsIUserIdleService.removeIdleObserver]

###!!! [Parent][RunMessage] Error: Channel closing: too late to send/recv, messages will be lost

1631134012121	geckodriver	INFO	Listening on 127.0.0.1:61729
1631134015181	mozrunner::runner	INFO	Running command: "C:\\Program Files\\Mozilla Firefox\\firefox.exe" "--marionette" "-foreground" "-no-remote" "-profile" "C:\\Users\\benan\\AppData\\Local\\Temp\\rust_mozprofile3iDHzp"
1631134015824	Marionette	INFO	Marionette enabled
console.warn: SearchSettings: "get: No settings file exists, new profile?" (new NotFoundError("Could not open the file at C:\\Users\\benan\\AppData\\Local\\Temp\\rust_mozprofile3iDHzp\\search.json.mozlz4", (void 0)))
1631134018932	Marionette	INFO	Listening on port 61737
1631134019427	RemoteAgent	WARN	TLS certificate errors will be ignored for this session
JavaScript error: https://apis.google.com/_/scs/apps-static/_/js/k=oz.gapi.en_US.UYHeVG_mX5s.O/m=signin2/rt=j/sv=1/d=1/ed=1/am=AQ/rs=AGLTcCPDcESMLF74mIvk5CKxuCjzYIf5XA/cb=gapi.loaded_0, line 219: uncaught exception: [object Object]
JavaScript error: https://apis.google.com/_/scs/apps-static/_/js/k=oz.gapi.en_US.UYHeVG_mX5s.O/m=auth2/rt=j/sv=1/d=1/ed=1/am=AQ/rs=AGLTcCPDcESMLF74mIvk5CKxuCjzYIf5XA/cb=gapi.loaded_0, line 219: uncaught exception: [object Object]
1631134029705	Marionette	INFO	Stopped listening on port 61737
[Parent 20032, IPC I/O Parent] WARNING: file /builds/worker/checkouts/gecko/ipc/chromium/src/base/process_util_win.cc:167
JavaScript error: resource:///modules/Interactions.jsm, line 209: NS_ERROR_FAILURE: Component returned failure code: 0x80004005 (NS_ERROR_FAILURE) [nsIUserIdleService.removeIdleObserver]

###!!! [Parent][RunMessage] Error: Channel closing: too late to send/recv, messages will be lost

1631134119949	geckodriver	INFO	Listening on 127.0.0.1:61795
1631134123008	mozrunner::runner	INFO	Running command: "C:\\Program Files\\Mozilla Firefox\\firefox.exe" "--marionette" "-foreground" "-no-remote" "-profile" "C:\\Users\\benan\\AppData\\Local\\Temp\\rust_mozprofileAm84mO"
1631134123675	Marionette	INFO	Marionette enabled
console.warn: SearchSettings: "get: No settings file exists, new profile?" (new NotFoundError("Could not open the file at C:\\Users\\benan\\AppData\\Local\\Temp\\rust_mozprofileAm84mO\\search.json.mozlz4", (void 0)))
1631134127206	Marionette	INFO	Listening on port 61803
1631134127246	RemoteAgent	WARN	TLS certificate errors will be ignored for this session
JavaScript error: https://apis.google.com/_/scs/apps-static/_/js/k=oz.gapi.en_US.UYHeVG_mX5s.O/m=signin2/rt=j/sv=1/d=1/ed=1/am=AQ/rs=AGLTcCPDcESMLF74mIvk5CKxuCjzYIf5XA/cb=gapi.loaded_0, line 219: uncaught exception: [object Object]
1631134134317	Marionette	INFO	Stopped listening on port 61803
JavaScript error: resource:///modules/Interactions.jsm, line 209: NS_ERROR_FAILURE: Component returned failure code: 0x80004005 (NS_ERROR_FAILURE) [nsIUserIdleService.removeIdleObserver]

###!!! [Parent][RunMessage] Error: Channel closing: too late to send/recv, messages will be lost

1631233297433	geckodriver	INFO	Listening on 127.0.0.1:50640
1631233300519	mozrunner::runner	INFO	Running command: "C:\\Program Files\\Mozilla Firefox\\firefox.exe" "--marionette" "-foreground" "-no-remote" "-profile" "C:\\Users\\benan\\AppData\\Local\\Temp\\rust_mozprofile8Ncauu"
1631233301311	Marionette	INFO	Marionette enabled
console.warn: SearchSettings: "get: No settings file exists, new profile?" (new NotFoundError("Could not open the file at C:\\Users\\benan\\AppData\\Local\\Temp\\rust_mozprofile8Ncauu\\search.json.mozlz4", (void 0)))
1631233304313	Marionette	INFO	Listening on port 50648
1631233304754	RemoteAgent	WARN	TLS certificate errors will be ignored for this session
JavaScript error: https://apis.google.com/_/scs/apps-static/_/js/k=oz.gapi.en_US.UYHeVG_mX5s.O/m=signin2/rt=j/sv=1/d=1/ed=1/am=AQ/rs=AGLTcCPDcESMLF74mIvk5CKxuCjzYIf5XA/cb=gapi.loaded_0, line 219: uncaught exception: [object Object]
JavaScript error: https://apis.google.com/_/scs/apps-static/_/js/k=oz.gapi.en_US.UYHeVG_mX5s.O/m=auth2/rt=j/sv=1/d=1/ed=1/am=AQ/rs=AGLTcCPDcESMLF74mIvk5CKxuCjzYIf5XA/cb=gapi.loaded_0, line 219: uncaught exception: [object Object]
JavaScript error: resource://devtools/server/actors/network-monitor/network-event-actor.js, line 109: Error: Got a request https://portal.stmatts.school.nz/index.php/assets/master.css?v4.02.119 without a browsingContextID set
JavaScript error: resource://devtools/server/actors/network-monitor/network-event-actor.js, line 109: Error: Got a request https://portal.stmatts.school.nz/index.php/assets/master.css?v4.02.119 without a browsingContextID set
1631233340321	Marionette	INFO	Stopped listening on port 50648
JavaScript error: resource:///modules/Interactions.jsm, line 209: NS_ERROR_FAILURE: Component returned failure code: 0x80004005 (NS_ERROR_FAILURE) [nsIUserIdleService.removeIdleObserver]

###!!! [Parent][RunMessage] Error: Channel closing: too late to send/recv, messages will be lost

1631233422352	geckodriver	INFO	Listening on 127.0.0.1:50710
1631233425428	mozrunner::runner	INFO	Running command: "C:\\Program Files\\Mozilla Firefox\\firefox.exe" "--marionette" "-foreground" "-no-remote" "-profile" "C:\\Users\\benan\\AppData\\Local\\Temp\\rust_mozprofileriMIvg"
1631233426212	Marionette	INFO	Marionette enabled
console.warn: SearchSettings: "get: No settings file exists, new profile?" (new NotFoundError("Could not open the file at C:\\Users\\benan\\AppData\\Local\\Temp\\rust_mozprofileriMIvg\\search.json.mozlz4", (void 0)))
1631233429108	Marionette	INFO	Listening on port 50718
1631233429139	RemoteAgent	WARN	TLS certificate errors will be ignored for this session
JavaScript error: https://apis.google.com/_/scs/apps-static/_/js/k=oz.gapi.en_US.UYHeVG_mX5s.O/m=signin2/rt=j/sv=1/d=1/ed=1/am=AQ/rs=AGLTcCPDcESMLF74mIvk5CKxuCjzYIf5XA/cb=gapi.loaded_0, line 219: uncaught exception: [object Object]
JavaScript error: https://apis.google.com/_/scs/apps-static/_/js/k=oz.gapi.en_US.UYHeVG_mX5s.O/m=auth2/rt=j/sv=1/d=1/ed=1/am=AQ/rs=AGLTcCPDcESMLF74mIvk5CKxuCjzYIf5XA/cb=gapi.loaded_0, line 219: uncaught exception: [object Object]
JavaScript error: https://apis.google.com/_/scs/apps-static/_/js/k=oz.gapi.en_US.UYHeVG_mX5s.O/m=auth2/rt=j/sv=1/d=1/ed=1/am=AQ/rs=AGLTcCPDcESMLF74mIvk5CKxuCjzYIf5XA/cb=gapi.loaded_0, line 219: uncaught exception: [object Object]
1631233508811	Marionette	INFO	Stopped listening on port 50718
JavaScript error: resource:///modules/Interactions.jsm, line 209: NS_ERROR_FAILURE: Component returned failure code: 0x80004005 (NS_ERROR_FAILURE) [nsIUserIdleService.removeIdleObserver]

###!!! [Parent][RunMessage] Error: Channel closing: too late to send/recv, messages will be lost

1631233535674	geckodriver	INFO	Listening on 127.0.0.1:50782
1631233538750	mozrunner::runner	INFO	Running command: "C:\\Program Files\\Mozilla Firefox\\firefox.exe" "--marionette" "-foreground" "-no-remote" "-profile" "C:\\Users\\benan\\AppData\\Local\\Temp\\rust_mozprofileYoFFRZ"
1631233539496	Marionette	INFO	Marionette enabled
console.warn: SearchSettings: "get: No settings file exists, new profile?" (new NotFoundError("Could not open the file at C:\\Users\\benan\\AppData\\Local\\Temp\\rust_mozprofileYoFFRZ\\search.json.mozlz4", (void 0)))
1631233542333	Marionette	INFO	Listening on port 50790
1631233542481	RemoteAgent	WARN	TLS certificate errors will be ignored for this session
1631233544523	Marionette	INFO	Stopped listening on port 50790
JavaScript error: resource:///modules/Interactions.jsm, line 209: NS_ERROR_FAILURE: Component returned failure code: 0x80004005 (NS_ERROR_FAILURE) [nsIUserIdleService.removeIdleObserver]
JavaScript error: chrome://remote/content/marionette/cert.js, line 55: NS_ERROR_NOT_AVAILABLE: Component returned failure code: 0x80040111 (NS_ERROR_NOT_AVAILABLE) [nsICertOverrideService.setDisableAllSecurityChecksAndLetAttackersInterceptMyData]

###!!! [Parent][RunMessage] Error: Channel closing: too late to send/recv, messages will be lost

1631233833340	geckodriver	INFO	Listening on 127.0.0.1:50892
1631233836423	mozrunner::runner	INFO	Running command: "C:\\Program Files\\Mozilla Firefox\\firefox.exe" "--marionette" "-foreground" "-no-remote" "-profile" "C:\\Users\\benan\\AppData\\Local\\Temp\\rust_mozprofilexsnMdu"
1631233837322	Marionette	INFO	Marionette enabled
console.warn: SearchSettings: "get: No settings file exists, new profile?" (new NotFoundError("Could not open the file at C:\\Users\\benan\\AppData\\Local\\Temp\\rust_mozprofilexsnMdu\\search.json.mozlz4", (void 0)))
1631233840176	Marionette	INFO	Listening on port 50901
1631233840630	RemoteAgent	WARN	TLS certificate errors will be ignored for this session
JavaScript error: https://apis.google.com/_/scs/apps-static/_/js/k=oz.gapi.en_US.UYHeVG_mX5s.O/m=signin2/rt=j/sv=1/d=1/ed=1/am=AQ/rs=AGLTcCPDcESMLF74mIvk5CKxuCjzYIf5XA/cb=gapi.loaded_0, line 219: uncaught exception: [object Object]
1631233845758	Marionette	INFO	Stopped listening on port 50901
JavaScript error: resource:///modules/Interactions.jsm, line 209: NS_ERROR_FAILURE: Component returned failure code: 0x80004005 (NS_ERROR_FAILURE) [nsIUserIdleService.removeIdleObserver]
JavaScript error: chrome://remote/content/marionette/cert.js, line 55: NS_ERROR_NOT_AVAILABLE: Component returned failure code: 0x80040111 (NS_ERROR_NOT_AVAILABLE) [nsICertOverrideService.setDisableAllSecurityChecksAndLetAttackersInterceptMyData]
1631233886766	geckodriver	INFO	Listening on 127.0.0.1:50953
1631233889818	mozrunner::runner	INFO	Running command: "C:\\Program Files\\Mozilla Firefox\\firefox.exe" "--marionette" "-foreground" "-no-remote" "-profile" "C:\\Users\\benan\\AppData\\Local\\Temp\\rust_mozprofilelubwhw"
1631233890668	Marionette	INFO	Marionette enabled
console.warn: SearchSettings: "get: No settings file exists, new profile?" (new NotFoundError("Could not open the file at C:\\Users\\benan\\AppData\\Local\\Temp\\rust_mozprofilelubwhw\\search.json.mozlz4", (void 0)))
1631233893496	Marionette	INFO	Listening on port 50961
1631233893530	RemoteAgent	WARN	TLS certificate errors will be ignored for this session
JavaScript error: https://apis.google.com/_/scs/apps-static/_/js/k=oz.gapi.en_US.UYHeVG_mX5s.O/m=signin2/rt=j/sv=1/d=1/ed=1/am=AQ/rs=AGLTcCPDcESMLF74mIvk5CKxuCjzYIf5XA/cb=gapi.loaded_0, line 219: uncaught exception: [object Object]
1631233900976	Marionette	INFO	Stopped listening on port 50961
JavaScript error: resource:///modules/Interactions.jsm, line 209: NS_ERROR_FAILURE: Component returned failure code: 0x80004005 (NS_ERROR_FAILURE) [nsIUserIdleService.removeIdleObserver]
JavaScript error: chrome://remote/content/marionette/cert.js, line 55: NS_ERROR_NOT_AVAILABLE: Component returned failure code: 0x80040111 (NS_ERROR_NOT_AVAILABLE) [nsICertOverrideService.setDisableAllSecurityChecksAndLetAttackersInterceptMyData]

###!!! [Parent][RunMessage] Error: Channel closing: too late to send/recv, messages will be lost

1631234007497	geckodriver	INFO	Listening on 127.0.0.1:51028
1631234010581	mozrunner::runner	INFO	Running command: "C:\\Program Files\\Mozilla Firefox\\firefox.exe" "--marionette" "-foreground" "-no-remote" "-profile" "C:\\Users\\benan\\AppData\\Local\\Temp\\rust_mozprofile0tUuPU"
1631234011350	Marionette	INFO	Marionette enabled
console.warn: SearchSettings: "get: No settings file exists, new profile?" (new NotFoundError("Could not open the file at C:\\Users\\benan\\AppData\\Local\\Temp\\rust_mozprofile0tUuPU\\search.json.mozlz4", (void 0)))
1631234014452	Marionette	INFO	Listening on port 51036
1631234014783	RemoteAgent	WARN	TLS certificate errors will be ignored for this session
JavaScript error: https://apis.google.com/_/scs/apps-static/_/js/k=oz.gapi.en_US.UYHeVG_mX5s.O/m=signin2/rt=j/sv=1/d=1/ed=1/am=AQ/rs=AGLTcCPDcESMLF74mIvk5CKxuCjzYIf5XA/cb=gapi.loaded_0, line 219: uncaught exception: [object Object]
1631234026067	Marionette	INFO	Stopped listening on port 51036
JavaScript error: resource:///modules/Interactions.jsm, line 209: NS_ERROR_FAILURE: Component returned failure code: 0x80004005 (NS_ERROR_FAILURE) [nsIUserIdleService.removeIdleObserver]
JavaScript error: chrome://remote/content/marionette/cert.js, line 55: NS_ERROR_NOT_AVAILABLE: Component returned failure code: 0x80040111 (NS_ERROR_NOT_AVAILABLE) [nsICertOverrideService.setDisableAllSecurityChecksAndLetAttackersInterceptMyData]
1631492288970	geckodriver	INFO	Listening on 127.0.0.1:56510
1631492292057	mozrunner::runner	INFO	Running command: "C:\\Program Files\\Mozilla Firefox\\firefox.exe" "--marionette" "-foreground" "-no-remote" "-profile" "C:\\Users\\benan\\AppData\\Local\\Temp\\rust_mozprofilem32ZWy"
1631492356719	geckodriver	INFO	Listening on 127.0.0.1:63373
1631492359820	mozrunner::runner	INFO	Running command: "C:\\Program Files\\Mozilla Firefox\\firefox.exe" "--marionette" "-foreground" "-no-remote" "-profile" "C:\\Users\\benan\\AppData\\Local\\Temp\\rust_mozprofilerwR0xo"
1631492360755	Marionette	INFO	Marionette enabled
console.warn: SearchSettings: "get: No settings file exists, new profile?" (new NotFoundError("Could not open the file at C:\\Users\\benan\\AppData\\Local\\Temp\\rust_mozprofilerwR0xo\\search.json.mozlz4", (void 0)))
1631492363733	Marionette	INFO	Listening on port 63381
1631492364061	RemoteAgent	WARN	TLS certificate errors will be ignored for this session
JavaScript error: https://apis.google.com/_/scs/apps-static/_/js/k=oz.gapi.en_US.UYHeVG_mX5s.O/m=signin2/rt=j/sv=1/d=1/ed=1/am=AQ/rs=AGLTcCPDcESMLF74mIvk5CKxuCjzYIf5XA/cb=gapi.loaded_0, line 219: uncaught exception: [object Object]
JavaScript error: https://apis.google.com/_/scs/apps-static/_/js/k=oz.gapi.en_US.UYHeVG_mX5s.O/m=auth2/rt=j/sv=1/d=1/ed=1/am=AQ/rs=AGLTcCPDcESMLF74mIvk5CKxuCjzYIf5XA/cb=gapi.loaded_0, line 219: uncaught exception: [object Object]
JavaScript error: https://apis.google.com/_/scs/apps-static/_/js/k=oz.gapi.en_US.UYHeVG_mX5s.O/m=auth2/rt=j/sv=1/d=1/ed=1/am=AQ/rs=AGLTcCPDcESMLF74mIvk5CKxuCjzYIf5XA/cb=gapi.loaded_0, line 219: uncaught exception: [object Object]
console.log: WebExtensions: reset-default-search: starting.
console.log: WebExtensions: reset-default-search: No addons in our list are installed.
JavaScript error: https://apis.google.com/_/scs/apps-static/_/js/k=oz.gapi.en_US.UYHeVG_mX5s.O/m=auth2/rt=j/sv=1/d=1/ed=1/am=AQ/rs=AGLTcCPDcESMLF74mIvk5CKxuCjzYIf5XA/cb=gapi.loaded_0, line 219: uncaught exception: [object Object]
JavaScript error: https://www.rathkeale.school.nz/wp-content/themes/salient-child/js/init.js?ver=10.5, line 145: TypeError: $(...).prettyPhoto is not a function
1631493953412	Marionette	INFO	Stopped listening on port 63381
JavaScript error: resource:///modules/Interactions.jsm, line 209: NS_ERROR_FAILURE: Component returned failure code: 0x80004005 (NS_ERROR_FAILURE) [nsIUserIdleService.removeIdleObserver]

###!!! [Parent][RunMessage] Error: Channel closing: too late to send/recv, messages will be lost

t exception: [object Object]
1631492455233	Marionette	INFO	Stopped listening on port 63489
JavaScript error: resource:///modules/Interactions.jsm, line 209: NS_ERROR_FAILURE: Component returned failure code: 0x80004005 (NS_ERROR_FAILURE) [nsIUserIdleService.removeIdleObserver]

###!!! [Parent][RunMessage] Error: Channel closing: too late to send/recv, messages will be lost

1631494009827	geckodriver	INFO	Listening on 127.0.0.1:61512
1631494012907	mozrunner::runner	INFO	Running command: "C:\\Program Files\\Mozilla Firefox\\firefox.exe" "--marionette" "-foreground" "-no-remote" "-profile" "C:\\Users\\benan\\AppData\\Local\\Temp\\rust_mozprofilevy9Fze"
1631494013702	Marionette	INFO	Marionette enabled
console.warn: SearchSettings: "get: No settings file exists, new profile?" (new NotFoundError("Could not open the file at C:\\Users\\benan\\AppData\\Local\\Temp\\rust_mozprofilevy9Fze\\search.json.mozlz4", (void 0)))
1631494016854	Marionette	INFO	Listening on port 61520
1631494017133	RemoteAgent	WARN	TLS certificate errors will be ignored for this session
JavaScript error: https://apis.google.com/_/scs/apps-static/_/js/k=oz.gapi.en_US.UYHeVG_mX5s.O/m=signin2/rt=j/sv=1/d=1/ed=1/am=AQ/rs=AGLTcCPDcESMLF74mIvk5CKxuCjzYIf5XA/cb=gapi.loaded_0, line 219: uncaught exception: [object Object]
JavaScript error: https://apis.google.com/_/scs/apps-static/_/js/k=oz.gapi.en_US.UYHeVG_mX5s.O/m=auth2/rt=j/sv=1/d=1/ed=1/am=AQ/rs=AGLTcCPDcESMLF74mIvk5CKxuCjzYIf5XA/cb=gapi.loaded_0, line 219: uncaught exception: [object Object]
JavaScript error: https://apis.google.com/_/scs/apps-static/_/js/k=oz.gapi.en_US.UYHeVG_mX5s.O/m=auth2/rt=j/sv=1/d=1/ed=1/am=AQ/rs=AGLTcCPDcESMLF74mIvk5CKxuCjzYIf5XA/cb=gapi.loaded_0, line 219: uncaught exception: [object Object]
1631494158163	Marionette	INFO	Stopped listening on port 61520
JavaScript error: resource:///modules/Interactions.jsm, line 209: NS_ERROR_FAILURE: Component returned failure code: 0x80004005 (NS_ERROR_FAILURE) [nsIUserIdleService.removeIdleObserver]

###!!! [Parent][RunMessage] Error: Channel closing: too late to send/recv, messages will be lost

ttings: "get: No settings file exists, new profile?" (new NotFoundError("Could not open the file at C:\\Users\\benan\\AppData\\Local\\Temp\\rust_mozprofileGJybXs\\search.json.mozlz4", (void 0)))
1631494085962	Marionette	INFO	Listening on port 61614
1631494086025	RemoteAgent	WARN	TLS certificate errors will be ignored for this session
JavaScript error: https://apis.google.com/_/scs/apps-static/_/js/k=oz.gapi.en_US.UYHeVG_mX5s.O/m=signin2/rt=j/sv=1/d=1/ed=1/am=AQ/rs=AGLTcCPDcESMLF74mIvk5CKxuCjzYIf5XA/cb=gapi.loaded_0, line 219: uncaught exception: [object Object]
JavaScript error: https://apis.google.com/_/scs/apps-static/_/js/k=oz.gapi.en_US.UYHeVG_mX5s.O/m=auth2/rt=j/sv=1/d=1/ed=1/am=AQ/rs=AGLTcCPDcESMLF74mIvk5CKxuCjzYIf5XA/cb=gapi.loaded_0, line 219: uncaught exception: [object Object]
1631494155794	Marionette	INFO	Stopped listening on port 61614
JavaScript error: resource:///modules/Interactions.jsm, line 209: NS_ERROR_FAILURE: Component returned failure code: 0x80004005 (NS_ERROR_FAILURE) [nsIUserIdleService.removeIdleObserver]

###!!! [Parent][RunMessage] Error: Channel closing: too late to send/recv, messages will be lost

ttings: "get: No settings file exists, new profile?" (new NotFoundError("Could not open the file at C:\\Users\\benan\\AppData\\Local\\Temp\\rust_mozprofilea6K5Vw\\search.json.mozlz4", (void 0)))
1631494116821	Marionette	INFO	Listening on port 61688
1631494116943	RemoteAgent	WARN	TLS certificate errors will be ignored for this session
JavaScript error: https://apis.google.com/_/scs/apps-static/_/js/k=oz.gapi.en_US.UYHeVG_mX5s.O/m=signin2/rt=j/sv=1/d=1/ed=1/am=AQ/rs=AGLTcCPDcESMLF74mIvk5CKxuCjzYIf5XA/cb=gapi.loaded_0, line 219: uncaught exception: [object Object]
JavaScript error: https://apis.google.com/_/scs/apps-static/_/js/k=oz.gapi.en_US.UYHeVG_mX5s.O/m=auth2/rt=j/sv=1/d=1/ed=1/am=AQ/rs=AGLTcCPDcESMLF74mIvk5CKxuCjzYIf5XA/cb=gapi.loaded_0, line 219: uncaught exception: [object Object]
1631494159934	Marionette	INFO	Stopped listening on port 61688
JavaScript error: resource:///modules/Interactions.jsm, line 209: NS_ERROR_FAILURE: Component returned failure code: 0x80004005 (NS_ERROR_FAILURE) [nsIUserIdleService.removeIdleObserver]

###!!! [Parent][RunMessage] Error: Channel closing: too late to send/recv, messages will be lost

1631494172579	geckodriver	INFO	Listening on 127.0.0.1:64006
1631494175657	mozrunner::runner	INFO	Running command: "C:\\Program Files\\Mozilla Firefox\\firefox.exe" "--marionette" "-foreground" "-no-remote" "-profile" "C:\\Users\\benan\\AppData\\Local\\Temp\\rust_mozprofilejD7Dxm"
1631494176485	Marionette	INFO	Marionette enabled
console.warn: SearchSettings: "get: No settings file exists, new profile?" (new NotFoundError("Could not open the file at C:\\Users\\benan\\AppData\\Local\\Temp\\rust_mozprofilejD7Dxm\\search.json.mozlz4", (void 0)))
1631494179745	Marionette	INFO	Listening on port 64016
1631494179903	RemoteAgent	WARN	TLS certificate errors will be ignored for this session
JavaScript error: https://apis.google.com/_/scs/apps-static/_/js/k=oz.gapi.en_US.UYHeVG_mX5s.O/m=signin2/rt=j/sv=1/d=1/ed=1/am=AQ/rs=AGLTcCPDcESMLF74mIvk5CKxuCjzYIf5XA/cb=gapi.loaded_0, line 219: uncaught exception: [object Object]
JavaScript error: https://apis.google.com/_/scs/apps-static/_/js/k=oz.gapi.en_US.UYHeVG_mX5s.O/m=auth2/rt=j/sv=1/d=1/ed=1/am=AQ/rs=AGLTcCPDcESMLF74mIvk5CKxuCjzYIf5XA/cb=gapi.loaded_0, line 219: uncaught exception: [object Object]
1631494215260	Marionette	INFO	Stopped listening on port 64016
JavaScript error: resource:///modules/Interactions.jsm, line 209: NS_ERROR_FAILURE: Component returned failure code: 0x80004005 (NS_ERROR_FAILURE) [nsIUserIdleService.removeIdleObserver]

###!!! [Parent][RunMessage] Error: Channel closing: too late to send/recv, messages will be lost

1631494226731	geckodriver	INFO	Listening on 127.0.0.1:64094
1631494229789	mozrunner::runner	INFO	Running command: "C:\\Program Files\\Mozilla Firefox\\firefox.exe" "--marionette" "-foreground" "-no-remote" "-profile" "C:\\Users\\benan\\AppData\\Local\\Temp\\rust_mozprofilebzElvL"
1631494230722	Marionette	INFO	Marionette enabled
console.warn: SearchSettings: "get: No settings file exists, new profile?" (new NotFoundError("Could not open the file at C:\\Users\\benan\\AppData\\Local\\Temp\\rust_mozprofilebzElvL\\search.json.mozlz4", (void 0)))
1631494233506	Marionette	INFO	Listening on port 64106
1631494233986	RemoteAgent	WARN	TLS certificate errors will be ignored for this session
JavaScript error: https://apis.google.com/_/scs/apps-static/_/js/k=oz.gapi.en_US.UYHeVG_mX5s.O/m=signin2/rt=j/sv=1/d=1/ed=1/am=AQ/rs=AGLTcCPDcESMLF74mIvk5CKxuCjzYIf5XA/cb=gapi.loaded_0, line 219: uncaught exception: [object Object]
1631494239991	Marionette	INFO	Stopped listening on port 64106
JavaScript error: resource:///modules/Interactions.jsm, line 209: NS_ERROR_FAILURE: Component returned failure code: 0x80004005 (NS_ERROR_FAILURE) [nsIUserIdleService.removeIdleObserver]

###!!! [Parent][RunMessage] Error: Channel closing: too late to send/recv, messages will be lost

1631494537966	geckodriver	INFO	Listening on 127.0.0.1:61789
1631494541035	mozrunner::runner	INFO	Running command: "C:\\Program Files\\Mozilla Firefox\\firefox.exe" "--marionette" "-foreground" "-no-remote" "-profile" "C:\\Users\\benan\\AppData\\Local\\Temp\\rust_mozprofile8ecAT4"
1631494542092	Marionette	INFO	Marionette enabled
console.warn: SearchSettings: "get: No settings file exists, new profile?" (new NotFoundError("Could not open the file at C:\\Users\\benan\\AppData\\Local\\Temp\\rust_mozprofile8ecAT4\\search.json.mozlz4", (void 0)))
1631494545463	Marionette	INFO	Listening on port 61799
1631494545897	RemoteAgent	WARN	TLS certificate errors will be ignored for this session
JavaScript error: https://apis.google.com/_/scs/apps-static/_/js/k=oz.gapi.en_US.UYHeVG_mX5s.O/m=signin2/rt=j/sv=1/d=1/ed=1/am=AQ/rs=AGLTcCPDcESMLF74mIvk5CKxuCjzYIf5XA/cb=gapi.loaded_0, line 219: uncaught exception: [object Object]
1631494551155	Marionette	INFO	Stopped listening on port 61799
JavaScript error: resource:///modules/Interactions.jsm, line 209: NS_ERROR_FAILURE: Component returned failure code: 0x80004005 (NS_ERROR_FAILURE) [nsIUserIdleService.removeIdleObserver]

###!!! [Parent][RunMessage] Error: Channel closing: too late to send/recv, messages will be lost

1631498573177	geckodriver	INFO	Listening on 127.0.0.1:63463
1631498576262	mozrunner::runner	INFO	Running command: "C:\\Program Files\\Mozilla Firefox\\firefox.exe" "--marionette" "-foreground" "-no-remote" "-profile" "C:\\Users\\benan\\AppData\\Local\\Temp\\rust_mozprofile70QT6c"
1631498576685	Marionette	INFO	Marionette enabled
console.warn: SearchSettings: "get: No settings file exists, new profile?" (new NotFoundError("Could not open the file at C:\\Users\\benan\\AppData\\Local\\Temp\\rust_mozprofile70QT6c\\search.json.mozlz4", (void 0)))
1631498579432	Marionette	INFO	Listening on port 63471
1631498579935	RemoteAgent	WARN	TLS certificate errors will be ignored for this session
JavaScript error: https://apis.google.com/_/scs/apps-static/_/js/k=oz.gapi.en_US.UYHeVG_mX5s.O/m=signin2/rt=j/sv=1/d=1/ed=1/am=AQ/rs=AGLTcCPDcESMLF74mIvk5CKxuCjzYIf5XA/cb=gapi.loaded_0, line 219: uncaught exception: [object Object]
JavaScript error: https://apis.google.com/_/scs/apps-static/_/js/k=oz.gapi.en_US.UYHeVG_mX5s.O/m=auth2/rt=j/sv=1/d=1/ed=1/am=AQ/rs=AGLTcCPDcESMLF74mIvk5CKxuCjzYIf5XA/cb=gapi.loaded_0, line 219: uncaught exception: [object Object]
1631498589576	Marionette	INFO	Stopped listening on port 63471
JavaScript error: resource:///modules/Interactions.jsm, line 209: NS_ERROR_FAILURE: Component returned failure code: 0x80004005 (NS_ERROR_FAILURE) [nsIUserIdleService.removeIdleObserver]

###!!! [Parent][MessageChannel] Error: (msgtype=0x390076,name=PContent::Msg_DestroyBrowsingContextGroup) Closed channel: cannot send/recv

1631500785256	geckodriver	INFO	Listening on 127.0.0.1:58159
1631500788354	mozrunner::runner	INFO	Running command: "C:\\Program Files\\Mozilla Firefox\\firefox.exe" "--marionette" "-foreground" "-no-remote" "-profile" "C:\\Users\\benan\\AppData\\Local\\Temp\\rust_mozprofileI1yPNg"
1631500788749	Marionette	INFO	Marionette enabled
console.warn: SearchSettings: "get: No settings file exists, new profile?" (new NotFoundError("Could not open the file at C:\\Users\\benan\\AppData\\Local\\Temp\\rust_mozprofileI1yPNg\\search.json.mozlz4", (void 0)))
1631500790832	Marionette	INFO	Listening on port 58169
1631500791027	RemoteAgent	WARN	TLS certificate errors will be ignored for this session
JavaScript error: https://apis.google.com/_/scs/apps-static/_/js/k=oz.gapi.en_US.UYHeVG_mX5s.O/m=signin2/rt=j/sv=1/d=1/ed=1/am=AQ/rs=AGLTcCPDcESMLF74mIvk5CKxuCjzYIf5XA/cb=gapi.loaded_0, line 219: uncaught exception: [object Object]
1631500971183	Marionette	INFO	Stopped listening on port 58169
JavaScript error: resource:///modules/Interactions.jsm, line 209: NS_ERROR_FAILURE: Component returned failure code: 0x80004005 (NS_ERROR_FAILURE) [nsIUserIdleService.removeIdleObserver]

###!!! [Parent][RunMessage] Error: Channel closing: too late to send/recv, messages will be lost

ttings: "get: No settings file exists, new profile?" (new NotFoundError("Could not open the file at C:\\Users\\benan\\AppData\\Local\\Temp\\rust_mozprofiledVmaWL\\search.json.mozlz4", (void 0)))
1631500867040	Marionette	INFO	Listening on port 58266
1631500867430	RemoteAgent	WARN	TLS certificate errors will be ignored for this session
JavaScript error: https://apis.google.com/_/scs/apps-static/_/js/k=oz.gapi.en_US.UYHeVG_mX5s.O/m=signin2/rt=j/sv=1/d=1/ed=1/am=AQ/rs=AGLTcCPDcESMLF74mIvk5CKxuCjzYIf5XA/cb=gapi.loaded_0, line 219: uncaught exception: [object Object]
1631500970049	Marionette	INFO	Stopped listening on port 58266
JavaScript error: resource:///modules/Interactions.jsm, line 209: NS_ERROR_FAILURE: Component returned failure code: 0x80004005 (NS_ERROR_FAILURE) [nsIUserIdleService.removeIdleObserver]

###!!! [Parent][RunMessage] Error: Channel closing: too late to send/recv, mesconsole.warn: SearchSettings: "get: No settings file exists, new profile?" (new NotFoundError("Could not open the file at C:\\Users\\benan\\AppData\\Local\\Temp\\rust_mozprofile30pS7m\\search.json.mozlz4", (void 0)))
1631500972182	Marionette	INFO	Listening on port 54298
1631500972463	RemoteAgent	WARN	TLS certificate errors will be ignored for this session
JavaScript error: https://apis.google.com/_/scs/apps-static/_/js/k=oz.gapi.en_US.UYHeVG_mX5s.O/m=signin2/rt=j/sv=1/d=1/ed=1/am=AQ/rs=AGLTcCPDcESMLF74mIvk5CKxuCjzYIf5XA/cb=gapi.loaded_0, line 219: uncaught exception: [object Object]
1631501191861	Marionette	INFO	Stopped listening on port 54298
JavaScript error: resource:///modules/Interactions.jsm, line 209: NS_ERROR_FAILURE: Component returned failure code: 0x80004005 (NS_ERROR_FAILURE) [nsIUserIdleService.removeIdleObserver]

###!!! [Parent][RunMessage] Error: Channel closing: too late to send/recv, messages will be lost

ttings: "get: No settings file exists, new profile?" (new NotFoundError("Could not open the file at C:\\Users\\benan\\AppData\\Local\\Temp\\rust_mozprofileLnbtG2\\search.json.mozlz4", (void 0)))
1631501192019	Marionette	INFO	Listening on port 54456
1631501192392	RemoteAgent	WARN	TLS certificate errors will be ignored for this session
JavaScript error: https://apis.google.com/_/scs/apps-static/_/js/k=oz.gapi.en_US.UYHeVG_mX5s.O/m=signin2/rt=j/sv=1/d=1/ed=1/am=AQ/rs=AGLTcCPDcESMLF74mIvk5CKxuCjzYIf5XA/cb=gapi.loaded_0, line 219: uncaught exception: [object Object]
1631501198662	Marionette	INFO	Stopped listening on port 54456
JavaScript error: resource:///modules/Interactions.jsm, line 209: NS_ERROR_FAILURE: Component returned failure code: 0x80004005 (NS_ERROR_FAILURE) [nsIUserIdleService.removeIdleObserver]
JavaScript error: chrome://remote/content/marionette/cert.js, line 55: NS_ERROR_NOT_AVAILABLE: Component returned failure code: 0x80040111 (NS_ERROR_NOT_AVAILABLE) [nsICertOverrideService.setDisableAllSecurityChecksAndLetAttackersInterceptMyData]

###!!! [Parent][RunMessage] Error: Channel closing: too late to send/recv, messages will be lost

1631501673541	geckodriver	INFO	Listening on 127.0.0.1:57279
1631501676599	mozrunner::runner	INFO	Running command: "C:\\Program Files\\Mozilla Firefox\\firefox.exe" "--marionette" "-foreground" "-no-remote" "-profile" "C:\\Users\\benan\\AppData\\Local\\Temp\\rust_mozprofile1r1OFr"
1631501676925	Marionette	INFO	Marionette enabled
console.warn: SearchSettings: "get: No settings file exists, new profile?" (new NotFoundError("Could not open the file at C:\\Users\\benan\\AppData\\Local\\Temp\\rust_mozprofile1r1OFr\\search.json.mozlz4", (void 0)))
1631501678768	Marionette	INFO	Listening on port 57287
1631501679269	RemoteAgent	WARN	TLS certificate errors will be ignored for this session
JavaScript error: https://apis.google.com/_/scs/apps-static/_/js/k=oz.gapi.en_US.UYHeVG_mX5s.O/m=signin2/rt=j/sv=1/d=1/ed=1/am=AQ/rs=AGLTcCPDcESMLF74mIvk5CKxuCjzYIf5XA/cb=gapi.loaded_0, line 219: uncaught exception: [object Object]
console.warn: LoginRecipes: "getRecipes: falling back to a synchronous message for:" "https://portal.stmatts.school.nz"
1631501833010	Marionette	INFO	Stopped listening on port 57287
JavaScript error: resource:///modules/Interactions.jsm, line 209: NS_ERROR_FAILURE: Component returned failure code: 0x80004005 (NS_ERROR_FAILURE) [nsIUserIdleService.removeIdleObserver]

###!!! [Parent][RunMessage] Error: Channel closing: too late to send/recv, messages will be lost

1631501997607	geckodriver	INFO	Listening on 127.0.0.1:57725
1631502000659	mozrunner::runner	INFO	Running command: "C:\\Program Files\\Mozilla Firefox\\firefox.exe" "--marionette" "-foreground" "-no-remote" "-profile" "C:\\Users\\benan\\AppData\\Local\\Temp\\rust_mozprofileldjN4i"
1631502001001	Marionette	INFO	Marionette enabled
console.warn: SearchSettings: "get: No settings file exists, new profile?" (new NotFoundError("Could not open the file at C:\\Users\\benan\\AppData\\Local\\Temp\\rust_mozprofileldjN4i\\search.json.mozlz4", (void 0)))
1631502002910	Marionette	INFO	Listening on port 57736
1631502003402	RemoteAgent	WARN	TLS certificate errors will be ignored for this session
JavaScript error: https://apis.google.com/_/scs/apps-static/_/js/k=oz.gapi.en_US.UYHeVG_mX5s.O/m=signin2/rt=j/sv=1/d=1/ed=1/am=AQ/rs=AGLTcCPDcESMLF74mIvk5CKxuCjzYIf5XA/cb=gapi.loaded_0, line 219: uncaught exception: [object Object]
JavaScript error: https://apis.google.com/_/scs/apps-static/_/js/k=oz.gapi.en_US.UYHeVG_mX5s.O/m=auth2/rt=j/sv=1/d=1/ed=1/am=AQ/rs=AGLTcCPDcESMLF74mIvk5CKxuCjzYIf5XA/cb=gapi.loaded_0, line 219: uncaught exception: [object Object]
1631502013459	Marionette	INFO	Stopped listening on port 57736
JavaScript error: resource:///modules/Interactions.jsm, line 209: NS_ERROR_FAILURE: Component returned failure code: 0x80004005 (NS_ERROR_FAILURE) [nsIUserIdleService.removeIdleObserver]

###!!! [Parent][RunMessage] Error: Channel closing: too late to send/recv, messages will be lost

1631611268154	geckodriver	INFO	Listening on 127.0.0.1:57190
1631611271227	mozrunner::runner	INFO	Running command: "C:\\Program Files\\Mozilla Firefox\\firefox.exe" "--marionette" "-foreground" "-no-remote" "-profile" "C:\\Users\\benan\\AppData\\Local\\Temp\\rust_mozprofilebZWCcM"
1631611271674	Marionette	INFO	Marionette enabled
console.warn: SearchSettings: "get: No settings file exists, new profile?" (new NotFoundError("Could not open the file at C:\\Users\\benan\\AppData\\Local\\Temp\\rust_mozprofilebZWCcM\\search.json.mozlz4", (void 0)))
1631611273598	Marionette	INFO	Listening on port 57200
1631611273901	RemoteAgent	WARN	TLS certificate errors will be ignored for this session
JavaScript error: https://apis.google.com/_/scs/apps-static/_/js/k=oz.gapi.en_US.UYHeVG_mX5s.O/m=signin2/rt=j/sv=1/d=1/ed=1/am=AQ/rs=AGLTcCPDcESMLF74mIvk5CKxuCjzYIf5XA/cb=gapi.loaded_0, line 219: uncaught exception: [object Object]
JavaScript error: https://apis.google.com/_/scs/apps-static/_/js/k=oz.gapi.en_US.UYHeVG_mX5s.O/m=auth2/rt=j/sv=1/d=1/ed=1/am=AQ/rs=AGLTcCPDcESMLF74mIvk5CKxuCjzYIf5XA/cb=gapi.loaded_0, line 219: uncaught exception: [object Object]
JavaScript error: https://apis.google.com/_/scs/apps-static/_/js/k=oz.gapi.en_US.UYHeVG_mX5s.O/m=auth2/rt=j/sv=1/d=1/ed=1/am=AQ/rs=AGLTcCPDcESMLF74mIvk5CKxuCjzYIf5XA/cb=gapi.loaded_0, line 219: uncaught exception: [object Object]
1631611313881	Marionette	INFO	Stopped listening on port 57201631611314902	mozrunner::runner	INFO	Running command: "C:\\Program Files\\Mozilla Firefox\\firefox.exe" "--marionette" "-foreground" "-no-remote" "-profile" "C:\\Users\\benan\\AppData\\Local\\Temp\\rust_mozprofileMDAWLG"
1631611315293	Marionette	INFO	Marionette enabled
console.warn: SearchSettings: "get: No settings file exists, new profile?" (new NotFoundError("Could not open the file at C:\\Users\\benan\\AppData\\Local\\Temp\\rust_mozprofileMDAWLG\\search.json.mozlz4", (void 0)))
1631611317450	Marionette	INFO	Listening on port 50179
1631611317565	RemoteAgent	WARN	TLS certificate errors will be ignored for this session
JavaScript error: https://apis.google.com/_/scs/apps-static/_/js/k=oz.gapi.en_US.UYHeVG_mX5s.O/m=signin2/rt=j/sv=1/d=1/ed=1/am=AQ/rs=AGLTcCPDcESMLF74mIvk5CKxuCjzYIf5XA/cb=gapi.loaded_0, line 219: uncaught exception: [object Object]
1631611323496	Marionette	INFO	Stopped listening on port 50179
JavaScript error: resource:///modules/Interactions.jsm, line 230: NS_ERROR_FAILURE: Component returned failure code: 0x80004005 (NS_ERROR_FAILURE) [nsIUserIdleService.removeIdleObserver]

###!!! [Parent][RunMessage] Error: Channel closing: too late to send/recv, messages will be lost

1631611366224	geckodriver	INFO	Listening on 127.0.0.1:49847
1631611369285	mozrunner::runner	INFO	Running command: "C:\\Program Files\\Mozilla Firefox\\firefox.exe" "--marionette" "-foreground" "-no-remote" "-profile" "C:\\Users\\benan\\AppData\\Local\\Temp\\rust_mozprofileeADuWv"
1631611369673	Marionette	INFO	Marionette enabled
console.warn: SearchSettings: "get: No settings file exists, new profile?" (new NotFoundError("Could not open the file at C:\\Users\\benan\\AppData\\Local\\Temp\\rust_mozprofileeADuWv\\search.json.mozlz4", (void 0)))
1631611371683	Marionette	INFO	Listening on port 49856
1631611371972	RemoteAgent	WARN	TLS certificate errors will be ignored for this session
JavaScript error: https://apis.google.com/_/scs/apps-static/_/js/k=oz.gapi.en_US.UYHeVG_mX5s.O/m=signin2/rt=j/sv=1/d=1/ed=1/am=AQ/rs=AGLTcCPDcESMLF74mIvk5CKxuCjzYIf5XA/cb=gapi.loaded_0, line 219: uncaught exception: [object Object]
1631611376960	Marionette	INFO	Stopped listening on port 49856
JavaScript error: resource:///modules/Interactions.jsm, line 230: NS_ERROR_FAILURE: Component returned failure code: 0x80004005 (NS_ERROR_FAILURE) [nsIUserIdleService.removeIdleObserver]
1631611433529	geckodriver	INFO	Listening on 127.0.0.1:62243
1631611436594	mozrunner::runner	INFO	Running command: "C:\\Program Files\\Mozilla Firefox\\firefox.exe" "--marionette" "-foreground" "-no-remote" "-profile" "C:\\Users\\benan\\AppData\\Local\\Temp\\rust_mozprofileakiGBc"
1631611436965	Marionette	INFO	Marionette enabled
console.warn: SearchSettings: "get: No settings file exists, new profile?" (new NotFoundError("Could not open the file at C:\\Users\\benan\\AppData\\Local\\Temp\\rust_mozprofileakiGBc\\search.json.mozlz4", (void 0)))
1631611438927	Marionette	INFO	Listening on port 62253
1631611439267	RemoteAgent	WARN	TLS certificate errors will be ignored for this session
JavaScript error: https://apis.google.com/_/scs/apps-static/_/js/k=oz.gapi.en_US.UYHeVG_mX5s.O/m=signin2/rt=j/sv=1/d=1/ed=1/am=AQ/rs=AGLTcCPDcESMLF74mIvk5CKxuCjzYIf5XA/cb=gapi.loaded_0, line 219: uncaught exception: [object Object]
JavaScript error: https://apis.google.com/_/scs/apps-static/_/js/k=oz.gapi.en_US.UYHeVG_mX5s.O/m=auth2/rt=j/sv=1/d=1/ed=1/am=AQ/rs=AGLTcCPDcESMLF74mIvk5CKxuCjzYIf5XA/cb=gapi.loaded_0, line 219: uncaught exception: [object Object]
JavaScript error: resource://devtools/server/actors/network-monitor/network-event-actor.js, line 109: Error: Got a request https://portal.rathkeale.school.nz/index.php/assets/master.css?v4.02.119 without a browsingContextID set
1631611548490	Marionette	INFO	Stopped listening on port 62251631611548673	mozrunner::runner	INFO	Running command: "C:\\Program Files\\Mozilla Firefox\\firefox.exe" "--marionette" "-foreground" "-no-remote" "-profile" "C:\\Users\\benan\\AppData\\Local\
###!!! [Parent][RunMessage] 1631611549041	Marionette	INFO	Marionette enabled
console.warn: SearchSettings: "get: No settings file exists, new profile?" (new NotFoundError("Could not open the file at C:\\Users\\benan\\AppData\\Local\\Temp\\rust_mozprofileTgHFby\\search.json.mozlz4", (void 0)))
1631611550895	Marionette	INFO	Listening on port 62370
1631611551354	RemoteAgent	WARN	TLS certificate errors will be ignored for this session
JavaScript error: https://apis.google.com/_/scs/apps-static/_/js/k=oz.gapi.en_US.UYHeVG_mX5s.O/m=signin2/rt=j/sv=1/d=1/ed=1/am=AQ/rs=AGLTcCPDcESMLF74mIvk5CKxuCjzYIf5XA/cb=gapi.loaded_0, line 219: uncaught exception: [object Object]
1631611557378	Marionette	INFO	Stopped listening on port 62370
JavaScript error: resource:///modules/Interactions.jsm, line 230: NS_ERROR_FAILURE: Component returned failure code: 0x80004005 (NS_ERROR_FAILURE) [nsIUserIdleService.removeIdleObserver]
JavaScript error: chrome://remote/content/marionette/cert.js, line 55: NS_ERROR_NOT_AVAILABLE: Component returned failure code: 0x80040111 (NS_ERROR_NOT_AVAILABLE) [nsICertOverrideService.setDisableAllSecurityChecksAndLetAttackersInterceptMyData]
1631611570408	geckodriver	INFO	Listening on 127.0.0.1:62442
1631611573481	mozrunner::runner	INFO	Running command: "C:\\Program Files\\Mozilla Firefox\\firefox.exe" "--marionette" "-foreground" "-no-remote" "-profile" "C:\\Users\\benan\\AppData\\Local\\Temp\\rust_mozprofilegqNwCA"
1631611573850	Marionette	INFO	Marionette enabled
console.warn: SearchSettings: "get: No settings file exists, new profile?" (new NotFoundError("Could not open the file at C:\\Users\\benan\\AppData\\Local\\Temp\\rust_mozprofilegqNwCA\\search.json.mozlz4", (void 0)))
1631611575776	Marionette	INFO	Listening on port 62450
1631611576147	RemoteAgent	WARN	TLS certificate errors will be ignored for this session
JavaScript error: https://apis.google.com/_/scs/apps-static/_/js/k=oz.gapi.en_US.UYHeVG_mX5s.O/m=signin2/rt=j/sv=1/d=1/ed=1/am=AQ/rs=AGLTcCPDcESMLF74mIvk5CKxuCjzYIf5XA/cb=gapi.loaded_0, line 219: uncaught exception: [object Object]
1631611580887	Marionette	INFO	Stopped listening on port 62450
JavaScript error: resource:///modules/Interactions.jsm, line 230: NS_ERROR_FAILURE: Component returned failure code: 0x80004005 (NS_ERROR_FAILURE) [nsIUserIdleService.removeIdleObserver]

###!!! [Parent][RunMessage] Error: Channel closing: too late to send/recv, messages will be lost

1631611642689	geckodriver	INFO	Listening on 127.0.0.1:62538
1631611645755	mozrunner::runner	INFO	Running command: "C:\\Program Files\\Mozilla Firefox\\firefox.exe" "--marionette" "-foreground" "-no-remote" "-profile" "C:\\Users\\benan\\AppData\\Local\\Temp\\rust_mozprofileusgltw"
1631611646116	Marionette	INFO	Marionette enabled
console.warn: SearchSettings: "get: No settings file exists, new profile?" (new NotFoundError("Could not open the file at C:\\Users\\benan\\AppData\\Local\\Temp\\rust_mozprofileusgltw\\search.json.mozlz4", (void 0)))
1631611648073	Marionette	INFO	Listening on port 62548
1631611648406	RemoteAgent	WARN	TLS certificate errors will be ignored for this session
JavaScript error: https://apis.google.com/_/scs/apps-static/_/js/k=oz.gapi.en_US.UYHeVG_mX5s.O/m=signin2/rt=j/sv=1/d=1/ed=1/am=AQ/rs=AGLTcCPDcESMLF74mIvk5CKxuCjzYIf5XA/cb=gapi.loaded_0, line 219: uncaught exception: [object Object]
1631611653669	Marionette	INFO	Stopped listening on port 62548
JavaScript error: resource:///modules/Interactions.jsm, line 230: NS_ERROR_FAILURE: Component returned failure code: 0x80004005 (NS_ERROR_FAILURE) [nsIUserIdleService.removeIdleObserver]
JavaScript error: chrome://remote/content/marionette/cert.js, line 55: NS_ERROR_NOT_AVAILABLE: Component returned failure code: 0x80040111 (NS_ERROR_NOT_AVAILABLE) [nsICertOverrideService.setDisableAllSecurityChecksAndLetAttackersInterceptMyData]
1631611663543	geckodriver	INFO	Listening on 127.0.0.1:62607
1631611666616	mozrunner::runner	INFO	Running command: "C:\\Program Files\\Mozilla Firefox\\firefox.exe" "--marionette" "-foreground" "-no-remote" "-profile" "C:\\Users\\benan\\AppData\\Local\\Temp\\rust_mozprofileqmI0bV"
1631611666976	Marionette	INFO	Marionette enabled
console.warn: SearchSettings: "get: No settings file exists, new profile?" (new NotFoundError("Could not open the file at C:\\Users\\benan\\AppData\\Local\\Temp\\rust_mozprofileqmI0bV\\search.json.mozlz4", (void 0)))
1631611668929	Marionette	INFO	Listening on port 62619
1631611669285	RemoteAgent	WARN	TLS certificate errors will be ignored for this session
JavaScript error: https://apis.google.com/_/scs/apps-static/_/js/k=oz.gapi.en_US.UYHeVG_mX5s.O/m=signin2/rt=j/sv=1/d=1/ed=1/am=AQ/rs=AGLTcCPDcESMLF74mIvk5CKxuCjzYIf5XA/cb=gapi.loaded_0, line 219: uncaught exception: [object Object]
1631611674345	Marionette	INFO	Stopped listening on port 62619
JavaScript error: resource:///modules/Interactions.jsm, line 230: NS_ERROR_FAILURE: Component returned failure code: 0x80004005 (NS_ERROR_FAILURE) [nsIUserIdleService.removeIdleObserver]
1631611735862	geckodriver	INFO	Listening on 127.0.0.1:53863
1631611738905	mozrunner::runner	INFO	Running command: "C:\\Program Files\\Mozilla Firefox\\firefox.exe" "--marionette" "-foreground" "-no-remote" "-profile" "C:\\Users\\benan\\AppData\\Local\\Temp\\rust_mozprofilee3xgE1"
1631611739269	Marionette	INFO	Marionette enabled
console.warn: SearchSettings: "get: No settings file exists, new profile?" (new NotFoundError("Could not open the file at C:\\Users\\benan\\AppData\\Local\\Temp\\rust_mozprofilee3xgE1\\search.json.mozlz4", (void 0)))
1631611741367	Marionette	INFO	Listening on port 53871
1631611741585	RemoteAgent	WARN	TLS certificate errors will be ignored for this session
JavaScript error: https://apis.google.com/_/scs/apps-static/_/js/k=oz.gapi.en_US.UYHeVG_mX5s.O/m=signin2/rt=j/sv=1/d=1/ed=1/am=AQ/rs=AGLTcCPDcESMLF74mIvk5CKxuCjzYIf5XA/cb=gapi.loaded_0, line 219: uncaught exception: [object Object]
1631611746243	Marionette	INFO	Stopped listening on port 53871
JavaScript error: resource:///modules/Interactions.jsm, line 230: NS_ERROR_FAILURE: Component returned failure code: 0x80004005 (NS_ERROR_FAILURE) [nsIUserIdleService.removeIdleObserver]

###!!! [Parent][RunMessage] Error: Channel closing: too late to send/recv, messages will be lost

1631611816376	geckodriver	INFO	Listening on 127.0.0.1:53957
1631611819450	mozrunner::runner	INFO	Running command: "C:\\Program Files\\Mozilla Firefox\\firefox.exe" "--marionette" "-foreground" "-no-remote" "-profile" "C:\\Users\\benan\\AppData\\Local\\Temp\\rust_mozprofiledyjT76"
1631611819821	Marionette	INFO	Marionette enabled
console.warn: SearchSettings: "get: No settings file exists, new profile?" (new NotFoundError("Could not open the file at C:\\Users\\benan\\AppData\\Local\\Temp\\rust_mozprofiledyjT76\\search.json.mozlz4", (void 0)))
1631611821651	Marionette	INFO	Listening on port 53965
1631611822126	RemoteAgent	WARN	TLS certificate errors will be ignored for this session
JavaScript error: https://apis.google.com/_/scs/apps-static/_/js/k=oz.gapi.en_US.UYHeVG_mX5s.O/m=signin2/rt=j/sv=1/d=1/ed=1/am=AQ/rs=AGLTcCPDcESMLF74mIvk5CKxuCjzYIf5XA/cb=gapi.loaded_0, line 219: uncaught exception: [object Object]
JavaScript error: https://apis.google.com/_/scs/apps-static/_/js/k=oz.gapi.en_US.UYHeVG_mX5s.O/m=auth2/rt=j/sv=1/d=1/ed=1/am=AQ/rs=AGLTcCPDcESMLF74mIvk5CKxuCjzYIf5XA/cb=gapi.loaded_0, line 219: uncaught exception: [object Object]
1631611857305	Marionette	INFO	Stopped listening on port 53965
JavaScript error: resource:///modules/Interactions.jsm, line 230: NS_ERROR_FAILURE: Component returned failure code: 0x80004005 (NS_ERROR_FAILURE) [nsIUserIdleService.removeIdleObserver]

###!!! [Parent][RunMessage] Error: Channel closing: too late to send/recv, messages will be lost

ttings: "get: No settings file exists, new profile?" (new NotFoundError("Could not open the file at C:\\Users\\benan\\AppData\\Local\\Temp\\rust_mozprofilepdw4GM\\search.json.mozlz4", (void 0)))
1631611851073	Marionette	INFO	Listening on port 60291
1631611851338	RemoteAgent	WARN	TLS certificate errors will be ignored for this session
JavaScript error: https://apis.google.com/_/scs/apps-static/_/js/k=oz.gapi.en_US.UYHeVG_mX5s.O/m=signin2/rt=j/sv=1/d=1/ed=1/am=AQ/rs=AGLTcCPDcESMLF74mIvk5CKxuCjzYIf5XA/cb=gapi.loaded_0, line 219: uncaught exception: [object Object]
1631611855992	Marionette	INFO	Stopped listening on port 60291
JavaScript error: resource:///modules/Interactions.jsm, line 230: NS_ERROR_FAILURE: Component returned failure code: 0x80004005 (NS_ERROR_FAILURE) [nsIUserIdleService.removeIdleObserver]

###!!! [Parent][RunMessage] Error: Channel closing: too late to send/recv, messages will be lost

1631611889689	geckodriver	INFO	Listening on 127.0.0.1:60371
1631611892774	mozrunner::runner	INFO	Running command: "C:\\Program Files\\Mozilla Firefox\\firefox.exe" "--marionette" "-foreground" "-no-remote" "-profile" "C:\\Users\\benan\\AppData\\Local\\Temp\\rust_mozprofile3kQnMm"
1631611893137	Marionette	INFO	Marionette enabled
console.warn: SearchSettings: "get: No settings file exists, new profile?" (new NotFoundError("Could not open the file at C:\\Users\\benan\\AppData\\Local\\Temp\\rust_mozprofile3kQnMm\\search.json.mozlz4", (void 0)))
1631611895240	Marionette	INFO	Listening on port 60381
1631611895454	RemoteAgent	WARN	TLS certificate errors will be ignored for this session
JavaScript error: https://apis.google.com/_/scs/apps-static/_/js/k=oz.gapi.en_US.UYHeVG_mX5s.O/m=signin2/rt=j/sv=1/d=1/ed=1/am=AQ/rs=AGLTcCPDcESMLF74mIvk5CKxuCjzYIf5XA/cb=gapi.loaded_0, line 219: uncaught exception: [object Object]
1631611900133	Marionette	INFO	Stopped listening on port 60381
JavaScript error: resource:///modules/Interactions.jsm, line 230: NS_ERROR_FAILURE: Component returned failure code: 0x80004005 (NS_ERROR_FAILURE) [nsIUserIdleService.removeIdleObserver]
1631661254719	geckodriver	INFO	Listening on 127.0.0.1:53954
1631661257766	mozrunner::runner	INFO	Running command: "C:\\Program Files\\Mozilla Firefox\\firefox.exe" "--marionette" "-foreground" "-no-remote" "-profile" "C:\\Users\\benan\\AppData\\Local\\Temp\\rust_mozprofilesx5hrY"
1631661258225	Marionette	INFO	Marionette enabled
console.warn: SearchSettings: "get: No settings file exists, new profile?" (new NotFoundError("Could not open the file at C:\\Users\\benan\\AppData\\Local\\Temp\\rust_mozprofilesx5hrY\\search.json.mozlz4", (void 0)))
1631661261044	Marionette	INFO	Listening on port 53965
1631661261489	RemoteAgent	WARN	TLS certificate errors will be ignored for this session
JavaScript error: https://apis.google.com/_/scs/apps-static/_/js/k=oz.gapi.en_US.UYHeVG_mX5s.O/m=signin2/rt=j/sv=1/d=1/ed=1/am=AQ/rs=AGLTcCPDcESMLF74mIvk5CKxuCjzYIf5XA/cb=gapi.loaded_0, line 219: uncaught exception: [object Object]
JavaScript error: https://apis.google.com/_/scs/apps-static/_/js/k=oz.gapi.en_US.UYHeVG_mX5s.O/m=auth2/rt=j/sv=1/d=1/ed=1/am=AQ/rs=AGLTcCPDcESMLF74mIvk5CKxuCjzYIf5XA/cb=gapi.loaded_0, line 219: uncaught exception: [object Object]
1631661374608	Marionette	INFO	Stopped listening on port 53965
JavaScript error: resource:///modules/Interactions.jsm, line 230: NS_ERROR_FAILURE: Component returned failure code: 0x80004005 (NS_ERROR_FAILURE) [nsIUserIdleService.removeIdleObserver]
\Temp\\rust_mozprofileCNuRDH"
1631661368096	Marionette	INFO	Marionette enabled
console.warn: SearchSettings: "get: No settings file exists, new profile?" (new NotFoundError("Could not open the file at C:\\Users\\benan\\AppData\\Local\\Temp\\rust_mozprofileCNuRDH\\search.json.mozlz4", (void 0)))
1631661371020	Marionette	INFO	Listening on port 54086
1631661371517	RemoteAgent	WARN	TLS certificate errors will be ignored for this session
JavaScript error: https://apis.google.com/_/scs/apps-static/_/js/k=oz.gapi.en_US.UYHeVG_mX5s.O/m=signin2/rt=j/sv=1/d=1/ed=1/am=AQ/rs=AGLTcCPDcESMLF74mIvk5CKxuCjzYIf5XA/cb=gapi.loaded_0, line 219: uncaught exception: [object Object]
1631661378005	Marionette	INFO	Stopped listening on port 54086
JavaScript error: resource:///modules/Interactions.jsm, line 230: NS_ERROR_FAILURE: Component returned failure code: 0x80004005 (NS_ERROR_FAILURE) [nsIUserIdleService.removeIdleObserver]

###!!! [Parent][RunMessage] Error: Channel closing: too late to send/recv, messages will be lost

