1631828027951	geckodriver	INFO	Listening on 127.0.0.1:50874
1631828030986	mozrunner::runner	INFO	Running command: "C:\\Program Files\\Mozilla Firefox\\firefox.exe" "--marionette" "-foreground" "-no-remote" "-profile" "C:\\Users\\benan\\AppData\\Local\\Temp\\rust_mozprofilen372k1"
1631828031927	Marionette	INFO	Marionette enabled
console.warn: SearchSettings: "get: No settings file exists, new profile?" (new NotFoundError("Could not open the file at C:\\Users\\benan\\AppData\\Local\\Temp\\rust_mozprofilen372k1\\search.json.mozlz4", (void 0)))
1631828035690	Marionette	INFO	Listening on port 50887
1631828035941	RemoteAgent	WARN	TLS certificate errors will be ignored for this session
JavaScript error: https://apis.google.com/_/scs/apps-static/_/js/k=oz.gapi.en_US.UYHeVG_mX5s.O/m=signin2/rt=j/sv=1/d=1/ed=1/am=AQ/rs=AGLTcCPDcESMLF74mIvk5CKxuCjzYIf5XA/cb=gapi.loaded_0, line 219: uncaught exception: [object Object]
JavaScript error: https://apis.google.com/_/scs/apps-static/_/js/k=oz.gapi.en_US.UYHeVG_mX5s.O/m=auth2/rt=j/sv=1/d=1/ed=1/am=AQ/rs=AGLTcCPDcESMLF74mIvk5CKxuCjzYIf5XA/cb=gapi.loaded_0, line 219: uncaught exception: [object Object]
JavaScript error: https://apis.google.com/_/scs/apps-static/_/js/k=oz.gapi.en_US.UYHeVG_mX5s.O/m=auth2/rt=j/sv=1/d=1/ed=1/am=AQ/rs=AGLTcCPDcESMLF74mIvk5CKxuCjzYIf5XA/cb=gapi.loaded_0, line 219: uncaught exception: [object Object]
1631828054080	Marionette	INFO	Stopped listening on port 50887
JavaScript error: resource:///modules/Interactions.jsm, line 230: NS_ERROR_FAILURE: Component returned failure code: 0x80004005 (NS_ERROR_FAILURE) [nsIUserIdleService.removeIdleObserver]
1631828064686	geckodriver	INFO	Listening on 127.0.0.1:50951
1631828067753	mozrunner::runner	INFO	Running command: "C:\\Program Files\\Mozilla Firefox\\firefox.exe" "--marionette" "-foreground" "-no-remote" "-profile" "C:\\Users\\benan\\AppData\\Local\\Temp\\rust_mozprofileGLxYv9"
1631828068503	Marionette	INFO	Marionette enabled
console.warn: SearchSettings: "get: No settings file exists, new profile?" (new NotFoundError("Could not open the file at C:\\Users\\benan\\AppData\\Local\\Temp\\rust_mozprofileGLxYv9\\search.json.mozlz4", (void 0)))
1631828071477	Marionette	INFO	Listening on port 50959
1631828071987	RemoteAgent	WARN	TLS certificate errors will be ignored for this session
JavaScript error: https://apis.google.com/_/scs/apps-static/_/js/k=oz.gapi.en_US.UYHeVG_mX5s.O/m=signin2/rt=j/sv=1/d=1/ed=1/am=AQ/rs=AGLTcCPDcESMLF74mIvk5CKxuCjzYIf5XA/cb=gapi.loaded_0, line 219: uncaught exception: [object Object]
1631828080694	Marionette	INFO	Stopped listening on port 50959
JavaScript error: resource:///modules/Interactions.jsm, line 230: NS_ERROR_FAILURE: Component returned failure code: 0x80004005 (NS_ERROR_FAILURE) [nsIUserIdleService.removeIdleObserver]
JavaScript error: chrome://remote/content/marionette/cert.js, line 55: NS_ERROR_NOT_AVAILABLE: Component returned failure code: 0x80040111 (NS_ERROR_NOT_AVAILABLE) [nsICertOverrideService.setDisableAllSecurityChecksAndLetAttackersInterceptMyData]

###!!! [Parent][RunMessage] Error: Channel closing: too late to send/recv, messages will be lost

1631828089598	geckodriver	INFO	Listening on 127.0.0.1:51014
1631828092657	mozrunner::runner	INFO	Running command: "C:\\Program Files\\Mozilla Firefox\\firefox.exe" "--marionette" "-foreground" "-no-remote" "-profile" "C:\\Users\\benan\\AppData\\Local\\Temp\\rust_mozprofilehKtFLu"
1631828093406	Marionette	INFO	Marionette enabled
console.warn: SearchSettings: "get: No settings file exists, new profile?" (new NotFoundError("Could not open the file at C:\\Users\\benan\\AppData\\Local\\Temp\\rust_mozprofilehKtFLu\\search.json.mozlz4", (void 0)))
1631828096778	Marionette	INFO	Listening on port 51023
1631828096882	RemoteAgent	WARN	TLS certificate errors will be ignored for this session
JavaScript error: https://apis.google.com/_/scs/apps-static/_/js/k=oz.gapi.en_US.UYHeVG_mX5s.O/m=signin2/rt=j/sv=1/d=1/ed=1/am=AQ/rs=AGLTcCPDcESMLF74mIvk5CKxuCjzYIf5XA/cb=gapi.loaded_0, line 219: uncaught exception: [object Object]
1631828102751	Marionette	INFO	Stopped listening on port 51023
JavaScript error: resource:///modules/Interactions.jsm, line 230: NS_ERROR_FAILURE: Component returned failure code: 0x80004005 (NS_ERROR_FAILURE) [nsIUserIdleService.removeIdleObserver]
1631836952478	geckodriver	INFO	Listening on 127.0.0.1:54904
1632087651836	geckodriver	INFO	Listening on 127.0.0.1:58070
1632087654876	mozrunner::runner	INFO	Running command: "C:\\Program Files\\Mozilla Firefox\\firefox.exe" "--marionette" "-foreground" "-no-remote" "-profile" "C:\\Users\\benan\\AppData\\Local\\Temp\\rust_mozprofilehaRizI"
1632087655518	Marionette	INFO	Marionette enabled
console.warn: SearchSettings: "get: No settings file exists, new profile?" (new NotFoundError("Could not open the file at C:\\Users\\benan\\AppData\\Local\\Temp\\rust_mozprofilehaRizI\\search.json.mozlz4", (void 0)))
1632087658987	Marionette	INFO	Listening on port 58080
1632087659141	RemoteAgent	WARN	TLS certificate errors will be ignored for this session
JavaScript error: https://apis.google.com/_/scs/apps-static/_/js/k=oz.gapi.en_US.UYHeVG_mX5s.O/m=signin2/rt=j/sv=1/d=1/ed=1/am=AQ/rs=AGLTcCPDcESMLF74mIvk5CKxuCjzYIf5XA/cb=gapi.loaded_0, line 219: uncaught exception: [object Object]
JavaScript error: https://apis.google.com/_/scs/apps-static/_/js/k=oz.gapi.en_US.UYHeVG_mX5s.O/m=auth2/rt=j/sv=1/d=1/ed=1/am=AQ/rs=AGLTcCPDcESMLF74mIvk5CKxuCjzYIf5XA/cb=gapi.loaded_0, line 219: uncaught exception: [object Object]
1632087667932	Marionette	INFO	Stopped listening on port 58080
JavaScript error: resource:///modules/Interactions.jsm, line 230: NS_ERROR_FAILURE: Component returned failure code: 0x80004005 (NS_ERROR_FAILURE) [nsIUserIdleService.removeIdleObserver]

###!!! [Parent][RunMessage] Error: Channel closing: too late to send/recv, messages will be lost

1632181626307	geckodriver	INFO	Listening on 127.0.0.1:63618
1632181629389	mozrunner::runner	INFO	Running command: "C:\\Program Files\\Mozilla Firefox\\firefox.exe" "--marionette" "-foreground" "-no-remote" "-profile" "C:\\Users\\benan\\AppData\\Local\\Temp\\rust_mozprofile9wLcPu"
1632181629783	Marionette	INFO	Marionette enabled
console.warn: SearchSettings: "get: No settings file exists, new profile?" (new NotFoundError("Could not open the file at C:\\Users\\benan\\AppData\\Local\\Temp\\rust_mozprofile9wLcPu\\search.json.mozlz4", (void 0)))
1632181631620	Marionette	INFO	Listening on port 63628
1632181632076	RemoteAgent	WARN	TLS certificate errors will be ignored for this session
JavaScript error: https://apis.google.com/_/scs/apps-static/_/js/k=oz.gapi.en_US.UYHeVG_mX5s.O/m=signin2/rt=j/sv=1/d=1/ed=1/am=AQ/rs=AGLTcCPDcESMLF74mIvk5CKxuCjzYIf5XA/cb=gapi.loaded_0, line 219: uncaught exception: [object Object]
JavaScript error: https://apis.google.com/_/scs/apps-static/_/js/k=oz.gapi.en_US.UYHeVG_mX5s.O/m=auth2/rt=j/sv=1/d=1/ed=1/am=AQ/rs=AGLTcCPDcESMLF74mIvk5CKxuCjzYIf5XA/cb=gapi.loaded_0, line 219: uncaught exception: [object Object]
JavaScript error: https://apis.google.com/_/scs/apps-static/_/js/k=oz.gapi.en_US.UYHeVG_mX5s.O/m=auth2/rt=j/sv=1/d=1/ed=1/am=AQ/rs=AGLTcCPDcESMLF74mIvk5CKxuCjzYIf5XA/cb=gapi.loaded_0, line 219: uncaught exception: [object Object]
1632181768235	Marionette	INFO	Stopped listening on port 63628
JavaScript error: resource:///modules/Interactions.jsm, line 230: NS_ERROR_FAILURE: Component returned failure code: 0x80004005 (NS_ERROR_FAILURE) [nsIUserIdleService.removeIdleObserver]

###!!! [Parent][RunMessage] Error: Channel closing: too late to send/recv, messages will be lost

1632190172532	geckodriver	INFO	Listening on 127.0.0.1:50518
1632190175614	mozrunner::runner	INFO	Running command: "C:\\Program Files\\Mozilla Firefox\\firefox.exe" "--marionette" "-foreground" "-no-remote" "-profile" "C:\\Users\\benan\\AppData\\Local\\Temp\\rust_mozprofilepGvQK3"
1632190176377	Marionette	INFO	Marionette enabled
console.warn: SearchSettings: "get: No settings file exists, new profile?" (new NotFoundError("Could not open the file at C:\\Users\\benan\\AppData\\Local\\Temp\\rust_mozprofilepGvQK3\\search.json.mozlz4", (void 0)))
1632190179437	Marionette	INFO	Listening on port 50529
1632190179819	RemoteAgent	WARN	TLS certificate errors will be ignored for this session
JavaScript error: https://apis.google.com/_/scs/apps-static/_/js/k=oz.gapi.en_US.UYHeVG_mX5s.O/m=signin2/rt=j/sv=1/d=1/ed=1/am=AQ/rs=AGLTcCPDcESMLF74mIvk5CKxuCjzYIf5XA/cb=gapi.loaded_0, line 219: uncaught exception: [object Object]
1632190190046	Marionette	INFO	Stopped listening on port 50529
JavaScript error: resource:///modules/Interactions.jsm, line 230: NS_ERROR_FAILURE: Component returned failure code: 0x80004005 (NS_ERROR_FAILURE) [nsIUserIdleService.removeIdleObserver]
JavaScript error: chrome://remote/content/marionette/cert.js, line 55: NS_ERROR_NOT_AVAILABLE: Component returned failure code: 0x80040111 (NS_ERROR_NOT_AVAILABLE) [nsICertOverrideService.setDisableAllSecurityChecksAndLetAttackersInterceptMyData]
